<?xml version="1.0" encoding="UTF-8"?>
<!-- Generated by org.testng.reporters.JUnitXMLReporter -->
<testsuite hostname="DLDA1919" ignored="0" name="Default test" tests="7" failures="0" timestamp="28 Jun 2018 06:09:41 GMT" time="8.336" errors="0">
  <testcase name="Step_01_LaunchURL" time="0.437" classname="test.TestNGTatoc"/>
  <testcase name="Step_02_OpenLink" time="0.161" classname="test.TestNGTatoc"/>
  <testcase name="Step_03_SelectionOfGreenBox" time="0.343" classname="test.TestNGTatoc"/>
  <testcase name="Step_04_BoxColorMatch" time="0.86" classname="test.TestNGTatoc"/>
  <testcase name="Step_05_DragAndDrop" time="0.296" classname="test.TestNGTatoc"/>
  <testcase name="Step_06_PopUpWindows" time="1.221" classname="test.TestNGTatoc"/>
  <testcase name="Step_07_CookieHandling" time="0.431" classname="test.TestNGTatoc"/>
</testsuite> <!-- Default test -->
